<?xml version="1.0" encoding="UTF-8"?>
<!-- Generated by org.testng.reporters.JUnitReportReporter -->
<testsuite hostname="Ashim-Luzaanewa" failures="0" tests="1" name="TC001_Get_Request" time="2.769" errors="0" timestamp="2022-12-22T20:13:18 CST" skipped="0">
  <testcase classname="TC001_Get_Request" name="getWeatherDetails" time="2.769"/>
  <system-out/>
</testsuite> <!-- TC001_Get_Request -->
