<?xml version="1.0" encoding="UTF-8"?>
<!-- Generated by org.testng.reporters.JUnitReportReporter -->
<testsuite hostname="Ashim-Luzaanewa" failures="0" tests="3" name="dataDrivenTestPackage.DataDrivenAPITest" time="3.399" errors="0" timestamp="2023-01-03T12:52:23 CST" skipped="0">
  <testcase classname="dataDrivenTestPackage.DataDrivenAPITest" name="postNewEmployee" time="2.337"/>
  <system-out/>
  <testcase classname="dataDrivenTestPackage.DataDrivenAPITest" name="postNewEmployee" time="0.490"/>
  <system-out/>
  <testcase classname="dataDrivenTestPackage.DataDrivenAPITest" name="postNewEmployee" time="0.572"/>
  <system-out/>
</testsuite> <!-- dataDrivenTestPackage.DataDrivenAPITest -->
