<?xml version="1.0" encoding="UTF-8"?>
<!-- Generated by org.testng.reporters.JUnitReportReporter -->
<testsuite hostname="Ashim-Luzaanewa" failures="0" tests="5" name="dataDrivenTestPackage.DataDrivenAPITestFromExcel" time="4.575" errors="0" timestamp="2023-01-03T12:54:01 CST" skipped="0">
  <testcase classname="dataDrivenTestPackage.DataDrivenAPITestFromExcel" name="postNewEmployee" time="0.484"/>
  <system-out/>
  <testcase classname="dataDrivenTestPackage.DataDrivenAPITestFromExcel" name="postNewEmployee" time="0.546"/>
  <system-out/>
  <testcase classname="dataDrivenTestPackage.DataDrivenAPITestFromExcel" name="postNewEmployee" time="0.495"/>
  <system-out/>
  <testcase classname="dataDrivenTestPackage.DataDrivenAPITestFromExcel" name="postNewEmployee" time="2.475"/>
  <system-out/>
  <testcase classname="dataDrivenTestPackage.DataDrivenAPITestFromExcel" name="postNewEmployee" time="0.575"/>
  <system-out/>
</testsuite> <!-- dataDrivenTestPackage.DataDrivenAPITestFromExcel -->
