<?xml version="1.0" encoding="UTF-8"?>
<!-- Generated by org.testng.reporters.JUnitReportReporter -->
<testsuite hostname="Ashim-Luzaanewa" failures="0" tests="5" name="dataDrivenTestPackage.DataDrivenAPITestFromExcel" time="5.858" errors="0" timestamp="2022-12-22T20:15:08 CST" skipped="0">
  <testcase classname="dataDrivenTestPackage.DataDrivenAPITestFromExcel" name="postNewEmployee" time="2.324"/>
  <system-out/>
  <testcase classname="dataDrivenTestPackage.DataDrivenAPITestFromExcel" name="postNewEmployee" time="0.711"/>
  <system-out/>
  <testcase classname="dataDrivenTestPackage.DataDrivenAPITestFromExcel" name="postNewEmployee" time="1.835"/>
  <system-out/>
  <testcase classname="dataDrivenTestPackage.DataDrivenAPITestFromExcel" name="postNewEmployee" time="0.551"/>
  <system-out/>
  <testcase classname="dataDrivenTestPackage.DataDrivenAPITestFromExcel" name="postNewEmployee" time="0.437"/>
  <system-out/>
</testsuite> <!-- dataDrivenTestPackage.DataDrivenAPITestFromExcel -->
