<?xml version="1.0" encoding="UTF-8"?>
<!-- Generated by org.testng.reporters.JUnitReportReporter -->
<testsuite hostname="Ashim-Luzaanewa" failures="0" tests="1" name="Get_Request_path" time="3.306" errors="0" timestamp="2022-12-22T20:12:46 CST" skipped="0">
  <testcase classname="Get_Request_path" name="getWeatherDetails" time="3.306"/>
  <system-out/>
</testsuite> <!-- Get_Request_path -->
